SF:lib/data/datasources/remote/movie_remote_data_source.dart
DA:25,1
DA:27,1
DA:30,3
DA:32,2
DA:33,4
DA:35,1
DA:39,1
DA:42,4
DA:44,2
DA:45,3
DA:47,1
DA:51,1
DA:53,1
DA:54,3
DA:56,2
DA:57,4
DA:59,1
DA:63,1
DA:66,3
DA:68,2
DA:69,4
DA:71,1
DA:75,1
DA:78,3
DA:80,2
DA:81,4
DA:83,1
DA:87,1
DA:89,1
DA:90,3
DA:92,2
DA:93,4
DA:95,1
LF:33
LH:33
end_of_record
SF:lib/data/models/movie_detail_model.dart
DA:6,2
DA:52,1
DA:53,1
DA:54,1
DA:55,1
DA:56,1
DA:57,1
DA:58,4
DA:59,1
DA:60,1
DA:61,1
DA:62,1
DA:63,1
DA:64,1
DA:65,2
DA:66,1
DA:67,1
DA:68,1
DA:69,1
DA:70,1
DA:71,1
DA:72,1
DA:73,1
DA:74,2
DA:75,1
DA:78,0
DA:79,0
DA:80,0
DA:81,0
DA:82,0
DA:83,0
DA:84,0
DA:85,0
DA:86,0
DA:87,0
DA:88,0
DA:89,0
DA:90,0
DA:91,0
DA:92,0
DA:93,0
DA:94,0
DA:95,0
DA:96,0
DA:97,0
DA:98,0
DA:99,0
DA:102,1
DA:103,1
DA:104,1
DA:105,1
DA:106,5
DA:107,1
DA:108,1
DA:109,1
DA:110,1
DA:111,1
DA:112,1
DA:113,1
DA:114,1
DA:115,1
DA:119,1
DA:121,1
DA:122,1
DA:123,1
DA:124,1
DA:125,1
DA:126,1
DA:127,1
DA:128,1
DA:129,1
DA:130,1
DA:131,1
DA:132,1
DA:133,1
DA:134,1
DA:135,1
DA:136,1
DA:137,1
DA:138,1
DA:139,1
DA:140,1
DA:141,1
DA:142,1
LF:84
LH:62
end_of_record
SF:lib/data/models/movie_response.dart
DA:7,3
DA:9,4
DA:10,4
DA:11,6
DA:12,6
DA:15,2
DA:16,5
DA:19,1
DA:20,2
LF:9
LH:9
end_of_record
SF:lib/data/models/movie_model.dart
DA:5,5
DA:35,4
DA:36,2
DA:37,2
DA:38,8
DA:39,2
DA:40,2
DA:41,2
DA:42,4
DA:43,2
DA:44,2
DA:45,2
DA:46,2
DA:47,4
DA:48,2
DA:51,2
DA:52,1
DA:53,1
DA:54,4
DA:55,1
DA:56,1
DA:57,1
DA:58,1
DA:59,1
DA:60,1
DA:61,1
DA:62,1
DA:63,1
DA:64,1
DA:67,2
DA:68,2
DA:69,2
DA:70,2
DA:71,2
DA:72,2
DA:73,2
DA:74,2
DA:75,2
DA:76,2
DA:77,2
DA:78,2
DA:79,2
DA:80,2
DA:81,2
DA:85,2
DA:86,2
DA:87,2
DA:88,2
DA:89,2
DA:90,2
DA:91,2
DA:92,2
DA:93,2
DA:94,2
DA:95,2
DA:96,2
DA:97,2
DA:98,2
DA:99,2
LF:59
LH:59
end_of_record
SF:lib/domain/entities/movie.dart
DA:4,10
DA:20,0
DA:41,8
DA:42,8
DA:43,8
DA:44,8
DA:45,8
DA:46,8
DA:47,8
DA:48,8
DA:49,8
DA:50,8
DA:51,8
DA:52,8
DA:53,8
DA:54,8
DA:55,8
LF:17
LH:16
end_of_record
SF:lib/domain/entities/movie_detail.dart
DA:6,4
DA:34,2
DA:35,1
DA:36,1
DA:37,1
DA:38,1
DA:41,3
DA:42,3
DA:43,3
DA:44,3
DA:45,3
DA:46,3
DA:47,3
DA:48,3
DA:49,3
DA:50,3
DA:51,3
DA:52,3
DA:53,3
LF:19
LH:19
end_of_record
SF:lib/data/repositories/movie_repository_impl.dart
DA:13,1
DA:17,1
DA:20,2
DA:21,5
DA:22,1
DA:24,1
DA:29,1
DA:32,2
DA:33,2
DA:34,1
DA:36,1
DA:41,1
DA:44,2
DA:45,3
DA:46,1
DA:48,1
DA:53,1
DA:56,2
DA:57,5
DA:58,1
DA:60,1
DA:65,1
DA:68,2
DA:69,5
DA:70,1
DA:72,1
DA:77,1
DA:80,2
DA:81,5
DA:82,1
DA:84,1
LF:31
LH:31
end_of_record
SF:lib/domain/usecases/get_top_rated_movies.dart
DA:9,1
DA:11,1
DA:12,2
LF:3
LH:3
end_of_record
SF:lib/domain/usecases/get_movie_detail.dart
DA:9,1
DA:11,1
DA:12,2
LF:3
LH:3
end_of_record
SF:lib/domain/usecases/get_movie_recommendations.dart
DA:9,1
DA:11,1
DA:12,2
LF:3
LH:3
end_of_record
SF:lib/domain/usecases/get_now_playing_movies.dart
DA:9,1
DA:11,1
DA:12,2
LF:3
LH:3
end_of_record
SF:lib/domain/usecases/get_popular_movies.dart
DA:9,1
DA:11,1
DA:12,2
LF:3
LH:3
end_of_record
SF:lib/domain/usecases/search_movies.dart
DA:9,1
DA:11,1
DA:12,2
LF:3
LH:3
end_of_record
SF:lib/presentation/bloc/movie_top_rated_bloc.dart
DA:12,1
DA:14,2
DA:15,2
DA:16,2
DA:18,2
DA:19,1
DA:20,1
DA:21,3
DA:23,1
DA:24,2
LF:10
LH:10
end_of_record
SF:lib/presentation/bloc/movie_top_rated_event.dart
DA:4,17
DA:6,0
DA:7,0
DA:11,17
DA:13,0
DA:14,0
LF:6
LH:2
end_of_record
SF:lib/presentation/bloc/movie_top_rated_state.dart
DA:4,4
DA:6,1
DA:7,1
DA:16,3
DA:18,1
DA:19,2
DA:25,2
DA:27,1
DA:28,2
LF:9
LH:9
end_of_record
SF:lib/presentation/bloc/movie_detail_state.dart
DA:4,3
DA:6,1
DA:7,1
DA:16,2
DA:18,1
DA:19,2
DA:26,2
DA:28,2
DA:29,6
LF:9
LH:9
end_of_record
SF:lib/presentation/bloc/movie_detail_event.dart
DA:4,2
DA:6,0
DA:7,0
DA:13,2
DA:15,0
DA:16,0
LF:6
LH:2
end_of_record
SF:lib/presentation/bloc/movie_detail_bloc.dart
DA:16,3
DA:17,2
DA:18,1
DA:20,2
DA:21,2
DA:22,2
DA:24,1
DA:25,1
DA:26,3
DA:28,1
DA:29,1
DA:30,1
DA:31,3
DA:33,1
DA:34,2
LF:15
LH:15
end_of_record
SF:lib/presentation/bloc/movie_now_playing_event.dart
DA:4,9
DA:6,0
DA:7,0
DA:11,9
DA:13,0
DA:14,0
LF:6
LH:2
end_of_record
SF:lib/presentation/bloc/movie_now_playing_state.dart
DA:4,2
DA:6,1
DA:7,1
DA:16,2
DA:18,1
DA:19,2
DA:25,1
DA:27,1
DA:28,2
LF:9
LH:9
end_of_record
SF:lib/presentation/bloc/movie_now_playing_bloc.dart
DA:12,1
DA:14,2
DA:15,2
DA:16,2
DA:18,2
DA:19,1
DA:20,1
DA:21,3
DA:23,1
DA:24,2
LF:10
LH:10
end_of_record
SF:lib/presentation/bloc/movie_popular_state.dart
DA:4,3
DA:6,1
DA:7,1
DA:16,3
DA:18,1
DA:19,2
DA:25,2
DA:27,1
DA:28,2
LF:9
LH:9
end_of_record
SF:lib/presentation/bloc/movie_popular_event.dart
DA:4,17
DA:6,0
DA:7,0
DA:11,17
DA:13,0
DA:14,0
LF:6
LH:2
end_of_record
SF:lib/presentation/bloc/movie_popular_bloc.dart
DA:12,1
DA:14,2
DA:15,2
DA:16,2
DA:18,2
DA:19,1
DA:20,1
DA:21,3
DA:23,1
DA:24,2
LF:10
LH:10
end_of_record
SF:lib/presentation/bloc/movie_search_state.dart
DA:4,2
DA:6,1
DA:7,1
DA:16,2
DA:18,1
DA:19,2
DA:25,1
DA:27,1
DA:28,2
LF:9
LH:9
end_of_record
SF:lib/presentation/bloc/movie_search_bloc.dart
DA:13,1
DA:15,2
DA:16,2
DA:17,1
DA:19,2
DA:20,2
DA:21,1
DA:22,1
DA:23,3
DA:25,1
DA:26,2
DA:29,1
LF:12
LH:12
end_of_record
SF:lib/presentation/bloc/movie_search_event.dart
DA:4,1
DA:6,0
DA:7,0
DA:13,1
DA:15,0
DA:16,0
LF:6
LH:2
end_of_record
SF:lib/presentation/pages/home_movie_page.dart
DA:15,0
DA:17,0
DA:18,0
DA:22,0
DA:24,0
DA:25,0
DA:26,0
DA:27,0
DA:28,0
DA:29,0
DA:30,0
DA:31,0
DA:34,0
DA:36,0
DA:37,0
DA:38,0
DA:40,0
DA:46,0
DA:48,0
DA:49,0
DA:51,0
DA:52,0
DA:53,0
DA:54,0
DA:55,0
DA:59,0
DA:60,0
DA:61,0
DA:66,0
DA:68,0
DA:70,0
DA:71,0
DA:72,0
DA:73,0
DA:76,0
DA:77,0
DA:81,0
DA:82,0
DA:83,0
DA:86,0
DA:87,0
DA:91,0
DA:93,0
DA:94,0
DA:96,0
DA:97,0
DA:98,0
DA:102,0
DA:103,0
DA:104,0
DA:109,0
DA:111,0
DA:112,0
DA:114,0
DA:115,0
DA:116,0
DA:120,0
DA:121,0
DA:133,0
DA:134,0
DA:136,0
DA:137,0
DA:139,0
DA:141,0
DA:158,0
DA:160,0
DA:162,0
DA:163,0
DA:164,0
DA:165,0
DA:166,0
DA:168,0
DA:169,0
DA:170,0
DA:172,0
DA:174,0
DA:175,0
DA:178,0
DA:182,0
DA:184,0
DA:185,0
DA:186,0
DA:198,0
DA:201,0
DA:202,0
DA:203,0
DA:210,0
DA:213,0
DA:214,0
DA:216,0
DA:222,0
DA:225,0
DA:226,0
DA:227,0
DA:230,0
DA:233,0
DA:235,0
DA:245,0
DA:247,0
DA:248,0
DA:249,0
DA:251,0
DA:253,0
DA:259,0
DA:260,0
DA:275,0
DA:277,0
DA:279,0
DA:281,0
DA:283,0
DA:284,0
DA:285,0
DA:287,0
DA:288,0
DA:289,0
DA:292,0
DA:295,0
DA:297,0
DA:299,0
DA:300,0
DA:302,0
DA:303,0
DA:304,0
DA:307,0
DA:314,0
DA:315,0
DA:323,0
DA:324,0
DA:325,0
DA:335,0
LF:130
LH:0
end_of_record
SF:lib/presentation/pages/movie_detail_page.dart
DA:14,1
DA:16,1
DA:17,1
DA:21,1
DA:23,1
DA:24,2
DA:25,6
DA:26,6
DA:30,1
DA:32,1
DA:33,1
DA:34,1
DA:35,1
DA:36,1
DA:40,1
DA:41,1
DA:42,1
DA:43,1
DA:57,1
DA:59,1
DA:61,3
DA:62,1
DA:63,1
DA:64,1
DA:65,3
DA:67,1
DA:70,0
DA:72,1
DA:74,1
DA:75,1
DA:76,1
DA:86,1
DA:87,1
DA:88,1
DA:90,1
DA:92,1
DA:94,1
DA:95,1
DA:96,2
DA:97,1
DA:99,1
DA:101,1
DA:102,1
DA:103,1
DA:104,1
DA:105,1
DA:106,2
DA:107,1
DA:108,2
DA:109,1
DA:110,1
DA:114,2
DA:115,1
DA:116,2
DA:117,1
DA:118,1
DA:123,1
DA:125,1
DA:126,1
DA:129,1
DA:130,2
DA:143,1
DA:144,3
DA:146,1
DA:147,3
DA:149,1
DA:150,1
DA:151,1
DA:152,3
DA:154,1
DA:160,4
DA:164,1
DA:166,1
DA:168,1
DA:169,2
DA:172,1
DA:174,1
DA:176,1
DA:177,1
DA:178,1
DA:183,1
DA:185,1
DA:186,1
DA:188,1
DA:192,1
DA:194,1
DA:196,1
DA:197,1
DA:198,1
DA:200,1
DA:201,0
DA:202,0
DA:205,0
DA:208,1
DA:213,1
DA:215,2
DA:216,1
DA:222,0
DA:229,1
DA:233,0
DA:241,1
DA:243,1
DA:258,1
DA:260,1
DA:263,1
DA:265,0
DA:266,0
DA:275,1
DA:277,2
DA:278,3
DA:281,1
DA:285,3
DA:288,1
DA:289,1
DA:290,1
DA:292,1
DA:293,1
DA:295,0
LF:118
LH:109
end_of_record
SF:lib/presentation/pages/popular_movies_page.dart
DA:7,1
DA:9,1
DA:10,1
DA:14,1
DA:16,1
DA:17,5
DA:20,1
DA:22,1
DA:23,1
DA:26,1
DA:28,1
DA:29,1
DA:30,1
DA:34,1
DA:35,1
DA:36,1
DA:37,1
DA:38,1
DA:39,1
DA:41,1
LF:20
LH:20
end_of_record
SF:lib/presentation/pages/top_rated_movies_page.dart
DA:7,1
DA:9,1
DA:10,1
DA:14,1
DA:16,1
DA:17,5
DA:20,1
DA:22,1
DA:23,1
DA:26,1
DA:28,1
DA:29,1
DA:30,1
DA:34,1
DA:35,1
DA:37,1
DA:38,1
DA:39,1
DA:40,1
DA:42,1
LF:20
LH:20
end_of_record
SF:lib/presentation/pages/search_movie_page.dart
DA:8,0
DA:10,0
DA:12,0
DA:13,0
DA:16,0
DA:18,0
DA:20,0
DA:21,0
DA:22,0
DA:23,0
DA:33,0
DA:35,0
DA:37,0
DA:38,0
DA:39,0
DA:43,0
DA:44,0
DA:45,0
DA:46,0
DA:48,0
DA:49,0
DA:50,0
DA:52,0
DA:56,0
DA:57,0
LF:25
LH:0
end_of_record
SF:lib/presentation/widgets/movie_card_list.dart
DA:10,2
DA:12,2
DA:14,2
DA:16,2
DA:17,0
DA:18,0
DA:21,0
DA:24,2
DA:26,2
DA:27,2
DA:28,2
DA:34,2
DA:36,2
DA:37,2
DA:38,4
DA:41,2
DA:43,2
DA:44,4
DA:45,10
DA:50,2
DA:51,4
DA:59,2
DA:64,2
DA:66,2
DA:67,6
DA:69,2
DA:72,0
LF:27
LH:23
end_of_record
