SF:lib/data/datasources/remote/tv_remote_data_source.dart
DA:25,1
DA:27,1
DA:29,4
DA:31,2
DA:32,3
DA:34,1
DA:38,1
DA:40,4
DA:42,2
DA:43,4
DA:45,1
DA:49,1
DA:51,3
DA:53,2
DA:54,4
DA:56,1
DA:60,1
DA:62,3
DA:64,2
DA:65,4
DA:67,1
DA:71,1
DA:73,3
DA:75,2
DA:76,4
DA:78,1
DA:82,1
DA:84,4
DA:86,2
DA:87,4
DA:89,1
LF:31
LH:31
end_of_record
SF:lib/data/models/tv_detail_model.dart
DA:34,2
DA:63,1
DA:64,1
DA:65,1
DA:66,1
DA:67,1
DA:68,4
DA:69,4
DA:70,1
DA:71,1
DA:72,4
DA:73,1
DA:74,1
DA:75,1
DA:76,4
DA:77,1
DA:78,1
DA:79,1
DA:80,1
DA:81,4
DA:82,1
DA:83,1
DA:84,1
DA:85,2
DA:86,1
DA:88,5
DA:89,1
DA:90,1
DA:91,1
DA:92,2
DA:93,1
DA:96,0
DA:97,0
DA:98,0
DA:99,0
DA:100,0
DA:101,0
DA:102,0
DA:103,0
DA:104,0
DA:105,0
DA:106,0
DA:107,0
DA:108,0
DA:109,0
DA:110,0
DA:111,0
DA:112,0
DA:113,0
DA:114,0
DA:115,0
DA:116,0
DA:117,0
DA:118,0
DA:119,0
DA:120,0
DA:121,0
DA:122,0
DA:125,1
DA:126,1
DA:127,1
DA:128,1
DA:129,1
DA:130,1
DA:131,5
DA:132,1
DA:133,1
DA:134,1
DA:135,1
DA:136,1
DA:137,1
DA:138,1
DA:139,1
DA:140,1
DA:141,1
DA:142,1
DA:143,1
DA:144,1
DA:145,1
DA:146,1
DA:147,1
DA:148,1
DA:149,1
DA:150,1
DA:151,1
DA:152,3
DA:153,1
DA:154,1
DA:155,1
DA:156,1
DA:159,1
DA:161,8
DA:171,2
DA:179,2
DA:180,1
DA:181,1
DA:182,1
DA:183,1
DA:184,1
DA:187,0
DA:188,0
DA:189,0
DA:190,0
DA:191,0
DA:192,0
DA:210,0
DA:225,0
DA:226,0
DA:227,0
DA:228,0
DA:229,0
DA:230,0
DA:231,0
DA:232,0
DA:233,0
DA:234,0
DA:235,0
DA:236,0
DA:237,0
DA:238,0
DA:241,0
DA:242,0
DA:243,0
DA:244,0
DA:245,0
DA:246,0
DA:247,0
DA:248,0
DA:249,0
DA:250,0
DA:251,0
DA:252,0
DA:253,0
DA:263,0
DA:270,0
DA:271,0
DA:272,0
DA:273,0
DA:274,0
DA:277,0
DA:278,0
DA:279,0
DA:280,0
DA:281,0
DA:289,0
DA:294,0
DA:295,0
DA:296,0
DA:297,0
DA:300,0
DA:301,0
DA:302,0
DA:316,2
DA:327,2
DA:328,1
DA:329,1
DA:330,1
DA:331,1
DA:332,1
DA:333,1
DA:334,1
DA:335,2
DA:338,0
DA:339,0
DA:340,0
DA:341,0
DA:342,0
DA:343,0
DA:344,0
DA:345,0
DA:346,0
DA:355,0
DA:361,0
DA:362,0
DA:363,0
DA:364,0
DA:367,0
DA:368,0
DA:369,0
DA:370,0
LF:180
LH:82
end_of_record
SF:lib/data/models/tv_response.dart
DA:7,3
DA:9,4
DA:10,2
DA:11,8
DA:13,2
DA:14,5
DA:17,1
DA:18,2
LF:8
LH:8
end_of_record
SF:lib/data/models/tv_model.dart
DA:5,5
DA:35,4
DA:36,2
DA:37,2
DA:38,8
DA:39,2
DA:40,2
DA:41,8
DA:42,2
DA:43,2
DA:44,2
DA:45,4
DA:46,2
DA:47,4
DA:48,2
DA:51,2
DA:52,1
DA:53,1
DA:54,4
DA:55,1
DA:56,1
DA:57,4
DA:58,1
DA:59,1
DA:60,1
DA:61,1
DA:62,1
DA:63,1
DA:64,1
DA:67,2
DA:68,2
DA:69,2
DA:70,2
DA:71,2
DA:72,2
DA:73,2
DA:74,2
DA:75,2
DA:76,2
DA:77,2
DA:78,2
DA:79,2
DA:80,2
DA:81,2
DA:84,2
DA:85,2
DA:86,2
DA:87,2
DA:88,2
DA:89,2
DA:90,2
DA:91,2
DA:92,2
DA:93,2
DA:94,2
DA:95,2
DA:96,2
DA:97,2
DA:98,2
LF:59
LH:59
end_of_record
SF:lib/domain/entities/tv.dart
DA:19,15
DA:34,11
DA:50,6
DA:51,6
DA:52,6
DA:53,6
DA:54,6
DA:55,6
DA:56,6
DA:57,6
DA:58,6
DA:59,6
DA:60,6
DA:61,6
DA:62,6
DA:63,6
DA:64,6
LF:17
LH:17
end_of_record
SF:lib/domain/entities/tv_detail.dart
DA:37,12
DA:66,2
DA:67,2
DA:68,2
DA:69,2
DA:70,2
DA:71,2
DA:72,2
DA:73,2
DA:74,2
DA:75,2
DA:76,2
DA:77,2
DA:78,2
DA:79,2
DA:80,2
DA:81,2
DA:82,2
DA:83,2
DA:84,2
DA:85,2
DA:86,2
DA:87,2
DA:88,2
DA:89,2
DA:90,2
DA:91,2
DA:92,2
DA:93,2
DA:96,6
LF:30
LH:30
end_of_record
SF:lib/domain/entities/season.dart
DA:7,12
DA:13,2
DA:14,8
LF:3
LH:3
end_of_record
SF:lib/data/repositories/tv_repository_impl.dart
DA:13,1
DA:15,1
DA:18,2
DA:19,2
DA:20,1
DA:22,1
DA:27,1
DA:30,2
DA:31,5
DA:32,1
DA:34,1
DA:39,1
DA:42,2
DA:43,5
DA:44,1
DA:46,1
DA:51,1
DA:54,2
DA:55,3
DA:56,1
DA:58,1
DA:63,1
DA:66,2
DA:67,5
DA:68,1
DA:70,1
DA:75,1
DA:78,2
DA:79,5
DA:80,1
DA:82,1
LF:31
LH:31
end_of_record
SF:lib/domain/usecases/get_recommendation_tvs.dart
DA:9,1
DA:11,1
DA:12,2
LF:3
LH:3
end_of_record
SF:lib/domain/usecases/get_now_playing_tvs.dart
DA:9,1
DA:11,1
DA:12,2
LF:3
LH:3
end_of_record
SF:lib/domain/usecases/get_popular_tvs.dart
DA:9,1
DA:11,1
DA:12,2
LF:3
LH:3
end_of_record
SF:lib/domain/usecases/get_top_rated_tvs.dart
DA:9,1
DA:11,1
DA:12,2
LF:3
LH:3
end_of_record
SF:lib/domain/usecases/search_tvs.dart
DA:9,1
DA:11,1
DA:12,2
LF:3
LH:3
end_of_record
SF:lib/domain/usecases/get_tv_detail.dart
DA:9,1
DA:11,1
DA:12,2
LF:3
LH:3
end_of_record
SF:lib/presentation/bloc/tv_detail_event.dart
DA:4,2
DA:6,0
DA:7,0
DA:13,2
DA:15,0
DA:16,0
LF:6
LH:2
end_of_record
SF:lib/presentation/bloc/tv_detail_state.dart
DA:4,3
DA:6,1
DA:7,1
DA:17,2
DA:19,1
DA:20,2
DA:27,2
DA:29,1
DA:30,2
LF:9
LH:9
end_of_record
SF:lib/presentation/bloc/tv_detail_bloc.dart
DA:15,1
DA:16,2
DA:17,2
DA:18,1
DA:20,2
DA:21,2
DA:22,2
DA:24,2
DA:25,3
DA:26,1
DA:27,2
DA:28,3
DA:29,1
DA:30,2
LF:14
LH:14
end_of_record
SF:lib/presentation/pages/tv_detail_page.dart
DA:15,1
DA:17,1
DA:19,3
DA:20,1
DA:21,1
DA:22,1
DA:23,3
DA:25,1
DA:28,0
DA:30,1
DA:32,1
DA:33,1
DA:34,1
DA:44,1
DA:45,1
DA:46,1
DA:48,1
DA:50,1
DA:52,1
DA:53,1
DA:54,2
DA:55,1
DA:57,2
DA:58,1
DA:59,1
DA:60,1
DA:61,1
DA:62,5
DA:63,2
DA:65,5
DA:66,2
DA:69,1
DA:71,1
DA:72,1
DA:73,3
DA:85,1
DA:86,3
DA:91,1
DA:92,1
DA:93,1
DA:94,3
DA:96,1
DA:102,4
DA:106,1
DA:108,1
DA:110,1
DA:111,2
DA:114,4
DA:115,1
DA:117,1
DA:119,1
DA:120,3
DA:123,1
DA:124,1
DA:127,1
DA:128,4
DA:130,1
DA:131,5
DA:132,2
DA:139,1
DA:141,1
DA:143,1
DA:144,1
DA:145,1
DA:149,1
DA:151,1
DA:152,1
DA:154,1
DA:158,1
DA:160,1
DA:162,1
DA:163,1
DA:164,1
DA:166,1
DA:167,0
DA:168,0
DA:171,0
DA:174,1
DA:178,1
DA:179,2
DA:180,1
DA:183,0
DA:189,1
DA:193,0
DA:201,1
DA:203,1
DA:218,1
DA:220,1
DA:223,1
DA:225,0
DA:226,0
DA:235,1
DA:237,2
DA:238,3
DA:241,1
DA:245,3
DA:251,1
DA:253,1
DA:254,1
DA:258,1
DA:260,1
DA:261,1
DA:262,1
DA:263,1
DA:267,1
DA:268,1
DA:269,1
DA:270,1
DA:280,1
DA:282,1
DA:283,2
DA:284,6
DA:285,6
LF:113
LH:105
end_of_record
SF:lib/presentation/bloc/tv_on_airing_event.dart
DA:4,7
DA:6,0
DA:7,0
DA:11,7
DA:13,0
DA:14,0
LF:6
LH:2
end_of_record
SF:lib/presentation/bloc/tv_on_airing_state.dart
DA:4,4
DA:6,1
DA:7,1
DA:17,3
DA:19,1
DA:20,2
DA:26,2
DA:28,1
DA:29,2
LF:9
LH:9
end_of_record
SF:lib/presentation/bloc/tv_on_airing_bloc.dart
DA:12,1
DA:14,2
DA:15,2
DA:16,2
DA:18,2
DA:19,1
DA:20,1
DA:21,3
DA:23,1
DA:24,2
LF:10
LH:10
end_of_record
SF:lib/presentation/pages/on_airing_tv_page.dart
DA:7,1
DA:9,1
DA:10,1
DA:14,1
DA:16,1
DA:17,1
DA:20,1
DA:22,1
DA:23,1
DA:24,1
DA:28,1
DA:29,1
DA:31,1
DA:32,1
DA:33,1
DA:34,1
DA:36,1
DA:50,1
DA:52,1
DA:53,5
LF:20
LH:20
end_of_record
SF:lib/presentation/widgets/tv_card_list.dart
DA:10,3
DA:12,3
DA:14,3
DA:16,3
DA:17,0
DA:18,0
DA:21,0
DA:24,3
DA:26,3
DA:27,3
DA:28,3
DA:34,3
DA:36,3
DA:37,3
DA:38,6
DA:41,3
DA:43,3
DA:44,21
DA:48,3
DA:49,6
DA:57,3
DA:62,3
DA:64,3
DA:65,9
DA:67,3
DA:70,0
LF:26
LH:22
end_of_record
SF:lib/presentation/bloc/tv_top_rated_state.dart
DA:4,4
DA:6,1
DA:7,1
DA:17,3
DA:19,1
DA:20,2
DA:26,2
DA:28,1
DA:29,2
LF:9
LH:9
end_of_record
SF:lib/presentation/bloc/tv_top_rated_event.dart
DA:4,3
DA:6,0
DA:7,0
DA:11,3
DA:13,0
DA:14,0
LF:6
LH:2
end_of_record
SF:lib/presentation/bloc/tv_top_rated_bloc.dart
DA:12,1
DA:14,2
DA:15,2
DA:16,2
DA:18,2
DA:19,1
DA:20,1
DA:21,3
DA:23,1
DA:24,2
LF:10
LH:10
end_of_record
SF:lib/presentation/pages/top_rated_tv_page.dart
DA:7,1
DA:9,1
DA:10,1
DA:14,1
DA:16,1
DA:17,1
DA:20,1
DA:22,1
DA:23,1
DA:24,1
DA:28,1
DA:29,1
DA:31,1
DA:32,1
DA:33,1
DA:34,1
DA:36,1
DA:50,1
DA:52,1
DA:53,5
LF:20
LH:20
end_of_record
SF:lib/presentation/bloc/tv_popular_bloc.dart
DA:12,1
DA:14,2
DA:15,2
DA:16,2
DA:18,2
DA:19,1
DA:20,1
DA:21,3
DA:23,1
DA:24,2
LF:10
LH:10
end_of_record
SF:lib/presentation/bloc/tv_popular_event.dart
DA:4,3
DA:6,0
DA:7,0
DA:11,3
DA:13,0
DA:14,0
LF:6
LH:2
end_of_record
SF:lib/presentation/bloc/tv_popular_state.dart
DA:4,4
DA:6,1
DA:7,1
DA:17,3
DA:19,1
DA:20,2
DA:26,2
DA:28,1
DA:29,2
LF:9
LH:9
end_of_record
SF:lib/presentation/pages/popular_tv_page.dart
DA:7,1
DA:9,1
DA:10,1
DA:14,1
DA:16,1
DA:17,1
DA:20,1
DA:22,1
DA:23,1
DA:24,1
DA:28,1
DA:29,1
DA:31,1
DA:32,1
DA:33,1
DA:34,1
DA:36,1
DA:50,1
DA:52,1
DA:53,5
LF:20
LH:20
end_of_record
SF:lib/presentation/bloc/tv_search_event.dart
DA:4,1
DA:6,0
DA:7,0
DA:13,1
DA:15,0
DA:16,0
LF:6
LH:2
end_of_record
SF:lib/presentation/bloc/tv_search_bloc.dart
DA:13,1
DA:15,2
DA:16,2
DA:17,1
DA:19,2
DA:20,2
DA:21,1
DA:22,1
DA:23,3
DA:25,1
DA:26,2
DA:29,1
LF:12
LH:12
end_of_record
SF:lib/presentation/bloc/tv_search_state.dart
DA:4,2
DA:6,1
DA:7,1
DA:17,2
DA:19,1
DA:20,2
DA:26,1
DA:28,1
DA:29,2
LF:9
LH:9
end_of_record
